0 info it worked if it ends with ok
1 verbose cli [ 'C:\\Program Files\\nodejs\\node.exe',
1 verbose cli   'C:\\Program Files\\nodejs\\node_modules\\npm\\bin\\npm-cli.js',
1 verbose cli   'publish' ]
2 info using npm@2.14.4
3 info using node@v4.1.2
4 verbose publish [ '.' ]
5 silly cache add args [ '.', null ]
6 verbose cache add spec .
7 silly cache add parsed spec Result {
7 silly cache add   raw: '.',
7 silly cache add   scope: null,
7 silly cache add   name: null,
7 silly cache add   rawSpec: '.',
7 silly cache add   spec: 'g:\\node.js\\giffo-github\\giffo-utils\\utils',
7 silly cache add   type: 'directory' }
8 verbose addLocalDirectory C:\Users\giffo\AppData\Roaming\npm-cache\giffo-utils\0.0.1\package.tgz not in flight; packing
9 verbose tar pack [ 'C:\\Users\\giffo\\AppData\\Roaming\\npm-cache\\giffo-utils\\0.0.1\\package.tgz',
9 verbose tar pack   'g:\\node.js\\giffo-github\\giffo-utils\\utils' ]
10 verbose tarball C:\Users\giffo\AppData\Roaming\npm-cache\giffo-utils\0.0.1\package.tgz
11 verbose folder g:\node.js\giffo-github\giffo-utils\utils
12 info prepublish giffo-utils@0.0.1
13 verbose addLocalTarball adding from inside cache C:\Users\giffo\AppData\Roaming\npm-cache\giffo-utils\0.0.1\package.tgz
14 silly cache afterAdd giffo-utils@0.0.1
15 verbose afterAdd C:\Users\giffo\AppData\Roaming\npm-cache\giffo-utils\0.0.1\package\package.json not in flight; writing
16 verbose afterAdd C:\Users\giffo\AppData\Roaming\npm-cache\giffo-utils\0.0.1\package\package.json written
17 silly publish { name: 'giffo-utils',
17 silly publish   version: '0.0.1',
17 silly publish   description: 'giffo utils',
17 silly publish   author: { name: 'giffo', email: 'github@giffo.org' },
17 silly publish   main: 'index.js',
17 silly publish   repository: { type: 'git', url: 'git+https://github.com/giffo/utils.git' },
17 silly publish   bugs: { url: 'https://github.com/giffo/utils/issues' },
17 silly publish   keywords: [ 'giffo-utils', 'utils', 'builtins' ],
17 silly publish   license: 'MIT',
17 silly publish   readme: '###giffo-utils\r\n\r\nmy node.js utils, functions i always seem to need,\r\n\r\nwhen I get time I will list the functions for my own memory\r\nin the next commit\r\n\r\nI have a function called `.builtins()` that will mess up everything the world has ever known as good. and God forbid you use `.tick(fn)`\r\n\r\n\tvar utils = require("giffo-utils");\r\n\r\n\r\n\r\n\r\n\r\n###TODO:\r\n\r\n*sort out the tick function, list all the functions and think about a file copy using mkdir if the directory path does not fully exist*',
17 silly publish   readmeFilename: 'README.md',
17 silly publish   gitHead: '00a9a7688834eada49a011b387d3f51adc9e29fd',
17 silly publish   homepage: 'https://github.com/giffo/utils#readme',
17 silly publish   _id: 'giffo-utils@0.0.1',
17 silly publish   scripts: {},
17 silly publish   _shasum: '31cfbd343992e71d30607aecd0ef214146861a9a',
17 silly publish   _from: '.' }
18 verbose getPublishConfig undefined
19 silly mapToRegistry name giffo-utils
20 silly mapToRegistry using default registry
21 silly mapToRegistry registry https://registry.npmjs.org/
22 silly mapToRegistry uri https://registry.npmjs.org/giffo-utils
23 verbose publish registryBase https://registry.npmjs.org/
24 silly publish uploading C:\Users\giffo\AppData\Roaming\npm-cache\giffo-utils\0.0.1\package.tgz
25 verbose request uri https://registry.npmjs.org/giffo-utils
26 verbose request sending authorization for write operation
27 info attempt registry request try #1 at 1:32:37 PM
28 verbose request using bearer token for auth
29 verbose request id 2a0871e091dd427a
30 http request PUT https://registry.npmjs.org/giffo-utils
31 http 403 https://registry.npmjs.org/giffo-utils
32 verbose headers { 'content-type': 'application/json',
32 verbose headers   'cache-control': 'max-age=60',
32 verbose headers   'content-length': '95',
32 verbose headers   'accept-ranges': 'bytes',
32 verbose headers   date: 'Tue, 13 Oct 2015 12:32:23 GMT',
32 verbose headers   via: '1.1 varnish',
32 verbose headers   connection: 'keep-alive',
32 verbose headers   'x-served-by': 'cache-ams4123-AMS',
32 verbose headers   'x-cache': 'MISS',
32 verbose headers   'x-cache-hits': '0',
32 verbose headers   'x-timer': 'S1444739542.517793,VS0,VE1271' }
33 verbose request invalidating C:\Users\giffo\AppData\Roaming\npm-cache\registry.npmjs.org\giffo-utils on PUT
34 error publish Failed PUT 403
35 verbose stack Error: "You cannot publish over the previously published version 0.0.1." : giffo-utils
35 verbose stack     at makeError (C:\Program Files\nodejs\node_modules\npm\node_modules\npm-registry-client\lib\request.js:263:12)
35 verbose stack     at CachingRegistryClient.<anonymous> (C:\Program Files\nodejs\node_modules\npm\node_modules\npm-registry-client\lib\request.js:251:14)
35 verbose stack     at Request._callback (C:\Program Files\nodejs\node_modules\npm\node_modules\npm-registry-client\lib\request.js:171:14)
35 verbose stack     at Request.self.callback (C:\Program Files\nodejs\node_modules\npm\node_modules\request\request.js:198:22)
35 verbose stack     at emitTwo (events.js:87:13)
35 verbose stack     at Request.emit (events.js:172:7)
35 verbose stack     at Request.<anonymous> (C:\Program Files\nodejs\node_modules\npm\node_modules\request\request.js:1073:14)
35 verbose stack     at emitOne (events.js:82:20)
35 verbose stack     at Request.emit (events.js:169:7)
35 verbose stack     at IncomingMessage.<anonymous> (C:\Program Files\nodejs\node_modules\npm\node_modules\request\request.js:1019:12)
36 verbose statusCode 403
37 verbose pkgid giffo-utils
38 verbose cwd g:\node.js\giffo-github\giffo-utils\utils
39 error Windows_NT 6.1.7601
40 error argv "C:\\Program Files\\nodejs\\node.exe" "C:\\Program Files\\nodejs\\node_modules\\npm\\bin\\npm-cli.js" "publish"
41 error node v4.1.2
42 error npm  v2.14.4
43 error code E403
44 error "You cannot publish over the previously published version 0.0.1." : giffo-utils
45 error If you need help, you may report this error at:
45 error     <https://github.com/npm/npm/issues>
46 verbose exit [ 1, true ]
